<?xml version="1.0" encoding="UTF-8"?>
<testsuite xmlns:xsi="http://www.w3.org/2001/XMLSchema-instance" xsi:noNamespaceSchemaLocation="https://maven.apache.org/surefire/maven-surefire-plugin/xsd/surefire-test-report.xsd" name="com.miaoshaproject.AppTest" time="0.029" tests="1" errors="0" skipped="0" failures="0">
  <properties>
    <property name="sun.desktop" value="windows"/>
    <property name="awt.toolkit" value="sun.awt.windows.WToolkit"/>
    <property name="file.encoding.pkg" value="sun.io"/>
    <property name="java.specification.version" value="1.8"/>
    <property name="sun.cpu.isalist" value="amd64"/>
    <property name="sun.jnu.encoding" value="GBK"/>
    <property name="java.class.path" value="D:\Mylearning\MIAOSHA\project2.0\miaosha\target\test-classes;D:\Mylearning\MIAOSHA\project2.0\miaosha\target\classes;D:\软件\Maven\repository\junit\junit\4.11\junit-4.11.jar;D:\软件\Maven\repository\org\hamcrest\hamcrest-core\2.2\hamcrest-core-2.2.jar;D:\软件\Maven\repository\org\hamcrest\hamcrest\2.2\hamcrest-2.2.jar;D:\软件\Maven\repository\org\springframework\boot\spring-boot-starter-web\2.5.3\spring-boot-starter-web-2.5.3.jar;D:\软件\Maven\repository\org\springframework\boot\spring-boot-starter\2.5.3\spring-boot-starter-2.5.3.jar;D:\软件\Maven\repository\org\springframework\boot\spring-boot\2.5.3\spring-boot-2.5.3.jar;D:\软件\Maven\repository\org\springframework\boot\spring-boot-autoconfigure\2.5.3\spring-boot-autoconfigure-2.5.3.jar;D:\软件\Maven\repository\org\springframework\boot\spring-boot-starter-logging\2.5.3\spring-boot-starter-logging-2.5.3.jar;D:\软件\Maven\repository\ch\qos\logback\logback-classic\1.2.4\logback-classic-1.2.4.jar;D:\软件\Maven\repository\ch\qos\logback\logback-core\1.2.4\logback-core-1.2.4.jar;D:\软件\Maven\repository\org\apache\logging\log4j\log4j-to-slf4j\2.14.1\log4j-to-slf4j-2.14.1.jar;D:\软件\Maven\repository\org\apache\logging\log4j\log4j-api\2.14.1\log4j-api-2.14.1.jar;D:\软件\Maven\repository\org\slf4j\jul-to-slf4j\1.7.32\jul-to-slf4j-1.7.32.jar;D:\软件\Maven\repository\jakarta\annotation\jakarta.annotation-api\1.3.5\jakarta.annotation-api-1.3.5.jar;D:\软件\Maven\repository\org\springframework\spring-core\5.3.9\spring-core-5.3.9.jar;D:\软件\Maven\repository\org\yaml\snakeyaml\1.28\snakeyaml-1.28.jar;D:\软件\Maven\repository\org\springframework\boot\spring-boot-starter-json\2.5.3\spring-boot-starter-json-2.5.3.jar;D:\软件\Maven\repository\com\fasterxml\jackson\core\jackson-databind\2.12.4\jackson-databind-2.12.4.jar;D:\软件\Maven\repository\com\fasterxml\jackson\core\jackson-annotations\2.12.4\jackson-annotations-2.12.4.jar;D:\软件\Maven\repository\com\fasterxml\jackson\core\jackson-core\2.12.4\jackson-core-2.12.4.jar;D:\软件\Maven\repository\com\fasterxml\jackson\datatype\jackson-datatype-jdk8\2.12.4\jackson-datatype-jdk8-2.12.4.jar;D:\软件\Maven\repository\com\fasterxml\jackson\datatype\jackson-datatype-jsr310\2.12.4\jackson-datatype-jsr310-2.12.4.jar;D:\软件\Maven\repository\com\fasterxml\jackson\module\jackson-module-parameter-names\2.12.4\jackson-module-parameter-names-2.12.4.jar;D:\软件\Maven\repository\org\springframework\boot\spring-boot-starter-tomcat\2.5.3\spring-boot-starter-tomcat-2.5.3.jar;D:\软件\Maven\repository\org\apache\tomcat\embed\tomcat-embed-core\9.0.50\tomcat-embed-core-9.0.50.jar;D:\软件\Maven\repository\org\apache\tomcat\embed\tomcat-embed-el\9.0.50\tomcat-embed-el-9.0.50.jar;D:\软件\Maven\repository\org\apache\tomcat\embed\tomcat-embed-websocket\9.0.50\tomcat-embed-websocket-9.0.50.jar;D:\软件\Maven\repository\org\springframework\spring-web\5.3.9\spring-web-5.3.9.jar;D:\软件\Maven\repository\org\springframework\spring-beans\5.3.9\spring-beans-5.3.9.jar;D:\软件\Maven\repository\org\springframework\spring-webmvc\5.3.9\spring-webmvc-5.3.9.jar;D:\软件\Maven\repository\org\springframework\spring-aop\5.3.9\spring-aop-5.3.9.jar;D:\软件\Maven\repository\org\springframework\spring-context\5.3.9\spring-context-5.3.9.jar;D:\软件\Maven\repository\org\springframework\spring-expression\5.3.9\spring-expression-5.3.9.jar;D:\软件\Maven\repository\org\apache\maven\plugins\maven-project-info-reports-plugin\3.0.0\maven-project-info-reports-plugin-3.0.0.jar;D:\软件\Maven\repository\org\apache\maven\reporting\maven-reporting-api\3.0\maven-reporting-api-3.0.jar;D:\软件\Maven\repository\org\apache\maven\reporting\maven-reporting-impl\3.0.0\maven-reporting-impl-3.0.0.jar;D:\软件\Maven\repository\org\apache\maven\shared\maven-shared-utils\3.2.0\maven-shared-utils-3.2.0.jar;D:\软件\Maven\repository\org\apache\maven\maven-artifact\3.0\maven-artifact-3.0.jar;D:\软件\Maven\repository\org\apache\maven\maven-core\3.0\maven-core-3.0.jar;D:\软件\Maven\repository\org\apache\maven\maven-settings-builder\3.0\maven-settings-builder-3.0.jar;D:\软件\Maven\repository\org\apache\maven\maven-model-builder\3.0\maven-model-builder-3.0.jar;D:\软件\Maven\repository\org\apache\maven\maven-aether-provider\3.0\maven-aether-provider-3.0.jar;D:\软件\Maven\repository\org\sonatype\aether\aether-impl\1.7\aether-impl-1.7.jar;D:\软件\Maven\repository\org\sonatype\aether\aether-spi\1.7\aether-spi-1.7.jar;D:\软件\Maven\repository\org\sonatype\aether\aether-api\1.7\aether-api-1.7.jar;D:\软件\Maven\repository\org\sonatype\aether\aether-util\1.7\aether-util-1.7.jar;D:\软件\Maven\repository\org\sonatype\sisu\sisu-inject-plexus\1.4.2\sisu-inject-plexus-1.4.2.jar;D:\软件\Maven\repository\org\sonatype\sisu\sisu-inject-bean\1.4.2\sisu-inject-bean-1.4.2.jar;D:\软件\Maven\repository\org\sonatype\sisu\sisu-guice\2.1.7\sisu-guice-2.1.7-noaop.jar;D:\软件\Maven\repository\org\codehaus\plexus\plexus-classworlds\2.2.3\plexus-classworlds-2.2.3.jar;D:\软件\Maven\repository\org\codehaus\plexus\plexus-component-annotations\1.5.5\plexus-component-annotations-1.5.5.jar;D:\软件\Maven\repository\org\sonatype\plexus\plexus-sec-dispatcher\1.3\plexus-sec-dispatcher-1.3.jar;D:\软件\Maven\repository\org\sonatype\plexus\plexus-cipher\1.4\plexus-cipher-1.4.jar;D:\软件\Maven\repository\org\apache\maven\maven-model\3.0\maven-model-3.0.jar;D:\软件\Maven\repository\org\apache\maven\maven-plugin-api\3.0\maven-plugin-api-3.0.jar;D:\软件\Maven\repository\org\apache\maven\maven-repository-metadata\3.0\maven-repository-metadata-3.0.jar;D:\软件\Maven\repository\org\apache\maven\maven-settings\3.0\maven-settings-3.0.jar;D:\软件\Maven\repository\org\apache\maven\shared\maven-dependency-tree\2.2\maven-dependency-tree-2.2.jar;D:\软件\Maven\repository\org\eclipse\aether\aether-util\0.9.0.M2\aether-util-0.9.0.M2.jar;D:\软件\Maven\repository\org\apache\maven\shared\maven-shared-jar\1.2\maven-shared-jar-1.2.jar;D:\软件\Maven\repository\org\codehaus\plexus\plexus-digest\1.0\plexus-digest-1.0.jar;D:\软件\Maven\repository\org\codehaus\plexus\plexus-container-default\1.0-alpha-8\plexus-container-default-1.0-alpha-8.jar;D:\软件\Maven\repository\classworlds\classworlds\1.1-alpha-2\classworlds-1.1-alpha-2.jar;D:\软件\Maven\repository\commons-collections\commons-collections\3.1\commons-collections-3.1.jar;D:\软件\Maven\repository\org\apache\bcel\bcel\6.2\bcel-6.2.jar;D:\软件\Maven\repository\org\apache\maven\shared\maven-common-artifact-filters\3.0.1\maven-common-artifact-filters-3.0.1.jar;D:\软件\Maven\repository\org\apache\maven\shared\maven-artifact-transfer\0.9.1\maven-artifact-transfer-0.9.1.jar;D:\软件\Maven\repository\org\apache\maven\scm\maven-scm-api\1.10.0\maven-scm-api-1.10.0.jar;D:\软件\Maven\repository\org\apache\maven\scm\maven-scm-manager-plexus\1.10.0\maven-scm-manager-plexus-1.10.0.jar;D:\软件\Maven\repository\org\apache\maven\scm\maven-scm-provider-hg\1.10.0\maven-scm-provider-hg-1.10.0.jar;D:\软件\Maven\repository\org\apache\maven\scm\maven-scm-provider-perforce\1.10.0\maven-scm-provider-perforce-1.10.0.jar;D:\软件\Maven\repository\org\apache\maven\scm\maven-scm-provider-starteam\1.10.0\maven-scm-provider-starteam-1.10.0.jar;D:\软件\Maven\repository\org\apache\maven\scm\maven-scm-provider-svn-commons\1.10.0\maven-scm-provider-svn-commons-1.10.0.jar;D:\软件\Maven\repository\org\apache\maven\scm\maven-scm-provider-svnexe\1.10.0\maven-scm-provider-svnexe-1.10.0.jar;D:\软件\Maven\repository\commons-lang\commons-lang\2.6\commons-lang-2.6.jar;D:\软件\Maven\repository\org\apache\maven\scm\maven-scm-provider-cvs-commons\1.10.0\maven-scm-provider-cvs-commons-1.10.0.jar;D:\软件\Maven\repository\org\apache\maven\scm\maven-scm-provider-cvsexe\1.10.0\maven-scm-provider-cvsexe-1.10.0.jar;D:\软件\Maven\repository\org\apache\maven\scm\maven-scm-provider-cvsjava\1.10.0\maven-scm-provider-cvsjava-1.10.0.jar;D:\软件\Maven\repository\org\netbeans\lib\cvsclient\20060125\cvsclient-20060125.jar;D:\软件\Maven\repository\ch\ethz\ganymed\ganymed-ssh2\build210\ganymed-ssh2-build210.jar;D:\软件\Maven\repository\org\apache\maven\scm\maven-scm-provider-git-commons\1.10.0\maven-scm-provider-git-commons-1.10.0.jar;D:\软件\Maven\repository\org\apache\maven\scm\maven-scm-provider-gitexe\1.10.0\maven-scm-provider-gitexe-1.10.0.jar;D:\软件\Maven\repository\commons-io\commons-io\2.2\commons-io-2.2.jar;D:\软件\Maven\repository\org\apache\maven\doxia\doxia-sink-api\1.8\doxia-sink-api-1.8.jar;D:\软件\Maven\repository\org\apache\maven\doxia\doxia-logging-api\1.8\doxia-logging-api-1.8.jar;D:\软件\Maven\repository\org\apache\maven\doxia\doxia-core\1.8\doxia-core-1.8.jar;D:\软件\Maven\repository\org\apache\httpcomponents\httpclient\4.5.13\httpclient-4.5.13.jar;D:\软件\Maven\repository\org\apache\httpcomponents\httpcore\4.4.14\httpcore-4.4.14.jar;D:\软件\Maven\repository\org\apache\maven\doxia\doxia-decoration-model\1.8.1\doxia-decoration-model-1.8.1.jar;D:\软件\Maven\repository\org\apache\maven\doxia\doxia-site-renderer\1.8.1\doxia-site-renderer-1.8.1.jar;D:\软件\Maven\repository\org\apache\maven\doxia\doxia-skin-model\1.8.1\doxia-skin-model-1.8.1.jar;D:\软件\Maven\repository\org\apache\maven\doxia\doxia-module-xhtml\1.8\doxia-module-xhtml-1.8.jar;D:\软件\Maven\repository\org\codehaus\plexus\plexus-velocity\1.2\plexus-velocity-1.2.jar;D:\软件\Maven\repository\org\apache\velocity\velocity\1.7\velocity-1.7.jar;D:\软件\Maven\repository\org\apache\velocity\velocity-tools\2.0\velocity-tools-2.0.jar;D:\软件\Maven\repository\commons-chain\commons-chain\1.1\commons-chain-1.1.jar;D:\软件\Maven\repository\dom4j\dom4j\1.1\dom4j-1.1.jar;D:\软件\Maven\repository\oro\oro\2.0.8\oro-2.0.8.jar;D:\软件\Maven\repository\sslext\sslext\1.2-0\sslext-1.2-0.jar;D:\软件\Maven\repository\org\apache\struts\struts-core\1.3.8\struts-core-1.3.8.jar;D:\软件\Maven\repository\antlr\antlr\2.7.7\antlr-2.7.7.jar;D:\软件\Maven\repository\org\apache\struts\struts-taglib\1.3.8\struts-taglib-1.3.8.jar;D:\软件\Maven\repository\org\apache\struts\struts-tiles\1.3.8\struts-tiles-1.3.8.jar;D:\软件\Maven\repository\org\apache\maven\doxia\doxia-integration-tools\1.8.1\doxia-integration-tools-1.8.1.jar;D:\软件\Maven\repository\org\codehaus\plexus\plexus-i18n\1.0-beta-10\plexus-i18n-1.0-beta-10.jar;D:\软件\Maven\repository\org\codehaus\plexus\plexus-utils\3.1.0\plexus-utils-3.1.0.jar;D:\软件\Maven\repository\org\codehaus\plexus\plexus-interpolation\1.25\plexus-interpolation-1.25.jar;D:\软件\Maven\repository\org\apache\maven\wagon\wagon-http-lightweight\3.1.0\wagon-http-lightweight-3.1.0.jar;D:\软件\Maven\repository\org\apache\maven\wagon\wagon-http-shared\3.1.0\wagon-http-shared-3.1.0.jar;D:\软件\Maven\repository\org\jsoup\jsoup\1.11.2\jsoup-1.11.2.jar;D:\软件\Maven\repository\org\apache\maven\wagon\wagon-provider-api\3.1.0\wagon-provider-api-3.1.0.jar;D:\软件\Maven\repository\commons-validator\commons-validator\1.6\commons-validator-1.6.jar;D:\软件\Maven\repository\commons-beanutils\commons-beanutils\1.9.2\commons-beanutils-1.9.2.jar;D:\软件\Maven\repository\commons-digester\commons-digester\1.8.1\commons-digester-1.8.1.jar;D:\软件\Maven\repository\commons-logging\commons-logging\1.2\commons-logging-1.2.jar;D:\软件\Maven\repository\mysql\mysql-connector-java\8.0.25\mysql-connector-java-8.0.25.jar;D:\软件\Maven\repository\com\alibaba\druid\1.1.3\druid-1.1.3.jar;D:\DSJ\JDK\JDK8_64\jre\..\lib\jconsole.jar;D:\DSJ\JDK\JDK8_64\jre\..\lib\tools.jar;D:\软件\Maven\repository\org\mybatis\spring\boot\mybatis-spring-boot-starter\1.3.1\mybatis-spring-boot-starter-1.3.1.jar;D:\软件\Maven\repository\org\springframework\boot\spring-boot-starter-jdbc\2.5.3\spring-boot-starter-jdbc-2.5.3.jar;D:\软件\Maven\repository\com\zaxxer\HikariCP\4.0.3\HikariCP-4.0.3.jar;D:\软件\Maven\repository\org\springframework\spring-jdbc\5.3.9\spring-jdbc-5.3.9.jar;D:\软件\Maven\repository\org\mybatis\spring\boot\mybatis-spring-boot-autoconfigure\1.3.1\mybatis-spring-boot-autoconfigure-1.3.1.jar;D:\软件\Maven\repository\org\mybatis\mybatis\3.4.5\mybatis-3.4.5.jar;D:\软件\Maven\repository\org\mybatis\mybatis-spring\1.3.1\mybatis-spring-1.3.1.jar;D:\软件\Maven\repository\org\projectlombok\lombok\1.18.20\lombok-1.18.20.jar;D:\软件\Maven\repository\org\apache\commons\commons-lang3\3.7\commons-lang3-3.7.jar;D:\软件\Maven\repository\commons-codec\commons-codec\1.3\commons-codec-1.3.jar;D:\软件\Maven\repository\joda-time\joda-time\2.10.13\joda-time-2.10.13.jar;D:\软件\Maven\repository\com\google\guava\guava\18.0\guava-18.0.jar;D:\软件\Maven\repository\org\hibernate\validator\hibernate-validator\6.2.3.Final\hibernate-validator-6.2.3.Final.jar;D:\软件\Maven\repository\jakarta\validation\jakarta.validation-api\2.0.2\jakarta.validation-api-2.0.2.jar;D:\软件\Maven\repository\org\jboss\logging\jboss-logging\3.4.2.Final\jboss-logging-3.4.2.Final.jar;D:\软件\Maven\repository\com\fasterxml\classmate\1.5.1\classmate-1.5.1.jar;D:\软件\Maven\repository\org\apache\rocketmq\rocketmq-client\4.9.3\rocketmq-client-4.9.3.jar;D:\软件\Maven\repository\org\apache\rocketmq\rocketmq-common\4.9.3\rocketmq-common-4.9.3.jar;D:\软件\Maven\repository\org\apache\rocketmq\rocketmq-remoting\4.9.3\rocketmq-remoting-4.9.3.jar;D:\软件\Maven\repository\com\alibaba\fastjson\1.2.76\fastjson-1.2.76.jar;D:\软件\Maven\repository\io\netty\netty-all\4.1.66.Final\netty-all-4.1.66.Final.jar;D:\软件\Maven\repository\org\apache\rocketmq\rocketmq-logging\4.9.3\rocketmq-logging-4.9.3.jar;D:\软件\Maven\repository\org\springframework\boot\spring-boot-starter-data-redis\2.5.3\spring-boot-starter-data-redis-2.5.3.jar;D:\软件\Maven\repository\org\springframework\data\spring-data-redis\2.5.3\spring-data-redis-2.5.3.jar;D:\软件\Maven\repository\org\springframework\data\spring-data-keyvalue\2.5.3\spring-data-keyvalue-2.5.3.jar;D:\软件\Maven\repository\org\springframework\data\spring-data-commons\2.5.3\spring-data-commons-2.5.3.jar;D:\软件\Maven\repository\org\springframework\spring-tx\5.3.9\spring-tx-5.3.9.jar;D:\软件\Maven\repository\org\springframework\spring-oxm\5.3.9\spring-oxm-5.3.9.jar;D:\软件\Maven\repository\org\springframework\spring-context-support\5.3.9\spring-context-support-5.3.9.jar;D:\软件\Maven\repository\io\lettuce\lettuce-core\6.1.4.RELEASE\lettuce-core-6.1.4.RELEASE.jar;D:\软件\Maven\repository\io\netty\netty-common\4.1.66.Final\netty-common-4.1.66.Final.jar;D:\软件\Maven\repository\io\netty\netty-handler\4.1.66.Final\netty-handler-4.1.66.Final.jar;D:\软件\Maven\repository\io\netty\netty-resolver\4.1.66.Final\netty-resolver-4.1.66.Final.jar;D:\软件\Maven\repository\io\netty\netty-buffer\4.1.66.Final\netty-buffer-4.1.66.Final.jar;D:\软件\Maven\repository\io\netty\netty-codec\4.1.66.Final\netty-codec-4.1.66.Final.jar;D:\软件\Maven\repository\io\netty\netty-transport\4.1.66.Final\netty-transport-4.1.66.Final.jar;D:\软件\Maven\repository\io\projectreactor\reactor-core\3.4.8\reactor-core-3.4.8.jar;D:\软件\Maven\repository\org\reactivestreams\reactive-streams\1.0.3\reactive-streams-1.0.3.jar;D:\软件\Maven\repository\org\springframework\session\spring-session-data-redis\2.5.3\spring-session-data-redis-2.5.3.jar;D:\软件\Maven\repository\org\springframework\session\spring-session-core\2.5.1\spring-session-core-2.5.1.jar;D:\软件\Maven\repository\org\springframework\spring-jcl\5.3.9\spring-jcl-5.3.9.jar;D:\软件\Maven\repository\redis\clients\jedis\3.2.0\jedis-3.2.0.jar;D:\软件\Maven\repository\org\slf4j\slf4j-api\1.7.32\slf4j-api-1.7.32.jar;D:\软件\Maven\repository\org\apache\commons\commons-pool2\2.9.0\commons-pool2-2.9.0.jar;"/>
    <property name="java.vm.vendor" value="Oracle Corporation"/>
    <property name="sun.arch.data.model" value="64"/>
    <property name="user.variant" value=""/>
    <property name="java.vendor.url" value="http://java.oracle.com/"/>
    <property name="user.timezone" value="Asia/Shanghai"/>
    <property name="java.vm.specification.version" value="1.8"/>
    <property name="os.name" value="Windows 8.1"/>
    <property name="user.country" value="CN"/>
    <property name="sun.java.launcher" value="SUN_STANDARD"/>
    <property name="sun.boot.library.path" value="D:\DSJ\JDK\JDK8_64\jre\bin"/>
    <property name="sun.java.command" value="C:\Users\LENOVO\AppData\Local\Temp\surefire2404577564246414724\surefirebooter2824037770849595558.jar C:\Users\LENOVO\AppData\Local\Temp\surefire2404577564246414724 2022-08-02T00-08-44_674-jvmRun1 surefire8975772065954758492tmp surefire_08317706946432851925tmp"/>
    <property name="surefire.test.class.path" value="D:\Mylearning\MIAOSHA\project2.0\miaosha\target\test-classes;D:\Mylearning\MIAOSHA\project2.0\miaosha\target\classes;D:\软件\Maven\repository\junit\junit\4.11\junit-4.11.jar;D:\软件\Maven\repository\org\hamcrest\hamcrest-core\2.2\hamcrest-core-2.2.jar;D:\软件\Maven\repository\org\hamcrest\hamcrest\2.2\hamcrest-2.2.jar;D:\软件\Maven\repository\org\springframework\boot\spring-boot-starter-web\2.5.3\spring-boot-starter-web-2.5.3.jar;D:\软件\Maven\repository\org\springframework\boot\spring-boot-starter\2.5.3\spring-boot-starter-2.5.3.jar;D:\软件\Maven\repository\org\springframework\boot\spring-boot\2.5.3\spring-boot-2.5.3.jar;D:\软件\Maven\repository\org\springframework\boot\spring-boot-autoconfigure\2.5.3\spring-boot-autoconfigure-2.5.3.jar;D:\软件\Maven\repository\org\springframework\boot\spring-boot-starter-logging\2.5.3\spring-boot-starter-logging-2.5.3.jar;D:\软件\Maven\repository\ch\qos\logback\logback-classic\1.2.4\logback-classic-1.2.4.jar;D:\软件\Maven\repository\ch\qos\logback\logback-core\1.2.4\logback-core-1.2.4.jar;D:\软件\Maven\repository\org\apache\logging\log4j\log4j-to-slf4j\2.14.1\log4j-to-slf4j-2.14.1.jar;D:\软件\Maven\repository\org\apache\logging\log4j\log4j-api\2.14.1\log4j-api-2.14.1.jar;D:\软件\Maven\repository\org\slf4j\jul-to-slf4j\1.7.32\jul-to-slf4j-1.7.32.jar;D:\软件\Maven\repository\jakarta\annotation\jakarta.annotation-api\1.3.5\jakarta.annotation-api-1.3.5.jar;D:\软件\Maven\repository\org\springframework\spring-core\5.3.9\spring-core-5.3.9.jar;D:\软件\Maven\repository\org\yaml\snakeyaml\1.28\snakeyaml-1.28.jar;D:\软件\Maven\repository\org\springframework\boot\spring-boot-starter-json\2.5.3\spring-boot-starter-json-2.5.3.jar;D:\软件\Maven\repository\com\fasterxml\jackson\core\jackson-databind\2.12.4\jackson-databind-2.12.4.jar;D:\软件\Maven\repository\com\fasterxml\jackson\core\jackson-annotations\2.12.4\jackson-annotations-2.12.4.jar;D:\软件\Maven\repository\com\fasterxml\jackson\core\jackson-core\2.12.4\jackson-core-2.12.4.jar;D:\软件\Maven\repository\com\fasterxml\jackson\datatype\jackson-datatype-jdk8\2.12.4\jackson-datatype-jdk8-2.12.4.jar;D:\软件\Maven\repository\com\fasterxml\jackson\datatype\jackson-datatype-jsr310\2.12.4\jackson-datatype-jsr310-2.12.4.jar;D:\软件\Maven\repository\com\fasterxml\jackson\module\jackson-module-parameter-names\2.12.4\jackson-module-parameter-names-2.12.4.jar;D:\软件\Maven\repository\org\springframework\boot\spring-boot-starter-tomcat\2.5.3\spring-boot-starter-tomcat-2.5.3.jar;D:\软件\Maven\repository\org\apache\tomcat\embed\tomcat-embed-core\9.0.50\tomcat-embed-core-9.0.50.jar;D:\软件\Maven\repository\org\apache\tomcat\embed\tomcat-embed-el\9.0.50\tomcat-embed-el-9.0.50.jar;D:\软件\Maven\repository\org\apache\tomcat\embed\tomcat-embed-websocket\9.0.50\tomcat-embed-websocket-9.0.50.jar;D:\软件\Maven\repository\org\springframework\spring-web\5.3.9\spring-web-5.3.9.jar;D:\软件\Maven\repository\org\springframework\spring-beans\5.3.9\spring-beans-5.3.9.jar;D:\软件\Maven\repository\org\springframework\spring-webmvc\5.3.9\spring-webmvc-5.3.9.jar;D:\软件\Maven\repository\org\springframework\spring-aop\5.3.9\spring-aop-5.3.9.jar;D:\软件\Maven\repository\org\springframework\spring-context\5.3.9\spring-context-5.3.9.jar;D:\软件\Maven\repository\org\springframework\spring-expression\5.3.9\spring-expression-5.3.9.jar;D:\软件\Maven\repository\org\apache\maven\plugins\maven-project-info-reports-plugin\3.0.0\maven-project-info-reports-plugin-3.0.0.jar;D:\软件\Maven\repository\org\apache\maven\reporting\maven-reporting-api\3.0\maven-reporting-api-3.0.jar;D:\软件\Maven\repository\org\apache\maven\reporting\maven-reporting-impl\3.0.0\maven-reporting-impl-3.0.0.jar;D:\软件\Maven\repository\org\apache\maven\shared\maven-shared-utils\3.2.0\maven-shared-utils-3.2.0.jar;D:\软件\Maven\repository\org\apache\maven\maven-artifact\3.0\maven-artifact-3.0.jar;D:\软件\Maven\repository\org\apache\maven\maven-core\3.0\maven-core-3.0.jar;D:\软件\Maven\repository\org\apache\maven\maven-settings-builder\3.0\maven-settings-builder-3.0.jar;D:\软件\Maven\repository\org\apache\maven\maven-model-builder\3.0\maven-model-builder-3.0.jar;D:\软件\Maven\repository\org\apache\maven\maven-aether-provider\3.0\maven-aether-provider-3.0.jar;D:\软件\Maven\repository\org\sonatype\aether\aether-impl\1.7\aether-impl-1.7.jar;D:\软件\Maven\repository\org\sonatype\aether\aether-spi\1.7\aether-spi-1.7.jar;D:\软件\Maven\repository\org\sonatype\aether\aether-api\1.7\aether-api-1.7.jar;D:\软件\Maven\repository\org\sonatype\aether\aether-util\1.7\aether-util-1.7.jar;D:\软件\Maven\repository\org\sonatype\sisu\sisu-inject-plexus\1.4.2\sisu-inject-plexus-1.4.2.jar;D:\软件\Maven\repository\org\sonatype\sisu\sisu-inject-bean\1.4.2\sisu-inject-bean-1.4.2.jar;D:\软件\Maven\repository\org\sonatype\sisu\sisu-guice\2.1.7\sisu-guice-2.1.7-noaop.jar;D:\软件\Maven\repository\org\codehaus\plexus\plexus-classworlds\2.2.3\plexus-classworlds-2.2.3.jar;D:\软件\Maven\repository\org\codehaus\plexus\plexus-component-annotations\1.5.5\plexus-component-annotations-1.5.5.jar;D:\软件\Maven\repository\org\sonatype\plexus\plexus-sec-dispatcher\1.3\plexus-sec-dispatcher-1.3.jar;D:\软件\Maven\repository\org\sonatype\plexus\plexus-cipher\1.4\plexus-cipher-1.4.jar;D:\软件\Maven\repository\org\apache\maven\maven-model\3.0\maven-model-3.0.jar;D:\软件\Maven\repository\org\apache\maven\maven-plugin-api\3.0\maven-plugin-api-3.0.jar;D:\软件\Maven\repository\org\apache\maven\maven-repository-metadata\3.0\maven-repository-metadata-3.0.jar;D:\软件\Maven\repository\org\apache\maven\maven-settings\3.0\maven-settings-3.0.jar;D:\软件\Maven\repository\org\apache\maven\shared\maven-dependency-tree\2.2\maven-dependency-tree-2.2.jar;D:\软件\Maven\repository\org\eclipse\aether\aether-util\0.9.0.M2\aether-util-0.9.0.M2.jar;D:\软件\Maven\repository\org\apache\maven\shared\maven-shared-jar\1.2\maven-shared-jar-1.2.jar;D:\软件\Maven\repository\org\codehaus\plexus\plexus-digest\1.0\plexus-digest-1.0.jar;D:\软件\Maven\repository\org\codehaus\plexus\plexus-container-default\1.0-alpha-8\plexus-container-default-1.0-alpha-8.jar;D:\软件\Maven\repository\classworlds\classworlds\1.1-alpha-2\classworlds-1.1-alpha-2.jar;D:\软件\Maven\repository\commons-collections\commons-collections\3.1\commons-collections-3.1.jar;D:\软件\Maven\repository\org\apache\bcel\bcel\6.2\bcel-6.2.jar;D:\软件\Maven\repository\org\apache\maven\shared\maven-common-artifact-filters\3.0.1\maven-common-artifact-filters-3.0.1.jar;D:\软件\Maven\repository\org\apache\maven\shared\maven-artifact-transfer\0.9.1\maven-artifact-transfer-0.9.1.jar;D:\软件\Maven\repository\org\apache\maven\scm\maven-scm-api\1.10.0\maven-scm-api-1.10.0.jar;D:\软件\Maven\repository\org\apache\maven\scm\maven-scm-manager-plexus\1.10.0\maven-scm-manager-plexus-1.10.0.jar;D:\软件\Maven\repository\org\apache\maven\scm\maven-scm-provider-hg\1.10.0\maven-scm-provider-hg-1.10.0.jar;D:\软件\Maven\repository\org\apache\maven\scm\maven-scm-provider-perforce\1.10.0\maven-scm-provider-perforce-1.10.0.jar;D:\软件\Maven\repository\org\apache\maven\scm\maven-scm-provider-starteam\1.10.0\maven-scm-provider-starteam-1.10.0.jar;D:\软件\Maven\repository\org\apache\maven\scm\maven-scm-provider-svn-commons\1.10.0\maven-scm-provider-svn-commons-1.10.0.jar;D:\软件\Maven\repository\org\apache\maven\scm\maven-scm-provider-svnexe\1.10.0\maven-scm-provider-svnexe-1.10.0.jar;D:\软件\Maven\repository\commons-lang\commons-lang\2.6\commons-lang-2.6.jar;D:\软件\Maven\repository\org\apache\maven\scm\maven-scm-provider-cvs-commons\1.10.0\maven-scm-provider-cvs-commons-1.10.0.jar;D:\软件\Maven\repository\org\apache\maven\scm\maven-scm-provider-cvsexe\1.10.0\maven-scm-provider-cvsexe-1.10.0.jar;D:\软件\Maven\repository\org\apache\maven\scm\maven-scm-provider-cvsjava\1.10.0\maven-scm-provider-cvsjava-1.10.0.jar;D:\软件\Maven\repository\org\netbeans\lib\cvsclient\20060125\cvsclient-20060125.jar;D:\软件\Maven\repository\ch\ethz\ganymed\ganymed-ssh2\build210\ganymed-ssh2-build210.jar;D:\软件\Maven\repository\org\apache\maven\scm\maven-scm-provider-git-commons\1.10.0\maven-scm-provider-git-commons-1.10.0.jar;D:\软件\Maven\repository\org\apache\maven\scm\maven-scm-provider-gitexe\1.10.0\maven-scm-provider-gitexe-1.10.0.jar;D:\软件\Maven\repository\commons-io\commons-io\2.2\commons-io-2.2.jar;D:\软件\Maven\repository\org\apache\maven\doxia\doxia-sink-api\1.8\doxia-sink-api-1.8.jar;D:\软件\Maven\repository\org\apache\maven\doxia\doxia-logging-api\1.8\doxia-logging-api-1.8.jar;D:\软件\Maven\repository\org\apache\maven\doxia\doxia-core\1.8\doxia-core-1.8.jar;D:\软件\Maven\repository\org\apache\httpcomponents\httpclient\4.5.13\httpclient-4.5.13.jar;D:\软件\Maven\repository\org\apache\httpcomponents\httpcore\4.4.14\httpcore-4.4.14.jar;D:\软件\Maven\repository\org\apache\maven\doxia\doxia-decoration-model\1.8.1\doxia-decoration-model-1.8.1.jar;D:\软件\Maven\repository\org\apache\maven\doxia\doxia-site-renderer\1.8.1\doxia-site-renderer-1.8.1.jar;D:\软件\Maven\repository\org\apache\maven\doxia\doxia-skin-model\1.8.1\doxia-skin-model-1.8.1.jar;D:\软件\Maven\repository\org\apache\maven\doxia\doxia-module-xhtml\1.8\doxia-module-xhtml-1.8.jar;D:\软件\Maven\repository\org\codehaus\plexus\plexus-velocity\1.2\plexus-velocity-1.2.jar;D:\软件\Maven\repository\org\apache\velocity\velocity\1.7\velocity-1.7.jar;D:\软件\Maven\repository\org\apache\velocity\velocity-tools\2.0\velocity-tools-2.0.jar;D:\软件\Maven\repository\commons-chain\commons-chain\1.1\commons-chain-1.1.jar;D:\软件\Maven\repository\dom4j\dom4j\1.1\dom4j-1.1.jar;D:\软件\Maven\repository\oro\oro\2.0.8\oro-2.0.8.jar;D:\软件\Maven\repository\sslext\sslext\1.2-0\sslext-1.2-0.jar;D:\软件\Maven\repository\org\apache\struts\struts-core\1.3.8\struts-core-1.3.8.jar;D:\软件\Maven\repository\antlr\antlr\2.7.7\antlr-2.7.7.jar;D:\软件\Maven\repository\org\apache\struts\struts-taglib\1.3.8\struts-taglib-1.3.8.jar;D:\软件\Maven\repository\org\apache\struts\struts-tiles\1.3.8\struts-tiles-1.3.8.jar;D:\软件\Maven\repository\org\apache\maven\doxia\doxia-integration-tools\1.8.1\doxia-integration-tools-1.8.1.jar;D:\软件\Maven\repository\org\codehaus\plexus\plexus-i18n\1.0-beta-10\plexus-i18n-1.0-beta-10.jar;D:\软件\Maven\repository\org\codehaus\plexus\plexus-utils\3.1.0\plexus-utils-3.1.0.jar;D:\软件\Maven\repository\org\codehaus\plexus\plexus-interpolation\1.25\plexus-interpolation-1.25.jar;D:\软件\Maven\repository\org\apache\maven\wagon\wagon-http-lightweight\3.1.0\wagon-http-lightweight-3.1.0.jar;D:\软件\Maven\repository\org\apache\maven\wagon\wagon-http-shared\3.1.0\wagon-http-shared-3.1.0.jar;D:\软件\Maven\repository\org\jsoup\jsoup\1.11.2\jsoup-1.11.2.jar;D:\软件\Maven\repository\org\apache\maven\wagon\wagon-provider-api\3.1.0\wagon-provider-api-3.1.0.jar;D:\软件\Maven\repository\commons-validator\commons-validator\1.6\commons-validator-1.6.jar;D:\软件\Maven\repository\commons-beanutils\commons-beanutils\1.9.2\commons-beanutils-1.9.2.jar;D:\软件\Maven\repository\commons-digester\commons-digester\1.8.1\commons-digester-1.8.1.jar;D:\软件\Maven\repository\commons-logging\commons-logging\1.2\commons-logging-1.2.jar;D:\软件\Maven\repository\mysql\mysql-connector-java\8.0.25\mysql-connector-java-8.0.25.jar;D:\软件\Maven\repository\com\alibaba\druid\1.1.3\druid-1.1.3.jar;D:\DSJ\JDK\JDK8_64\jre\..\lib\jconsole.jar;D:\DSJ\JDK\JDK8_64\jre\..\lib\tools.jar;D:\软件\Maven\repository\org\mybatis\spring\boot\mybatis-spring-boot-starter\1.3.1\mybatis-spring-boot-starter-1.3.1.jar;D:\软件\Maven\repository\org\springframework\boot\spring-boot-starter-jdbc\2.5.3\spring-boot-starter-jdbc-2.5.3.jar;D:\软件\Maven\repository\com\zaxxer\HikariCP\4.0.3\HikariCP-4.0.3.jar;D:\软件\Maven\repository\org\springframework\spring-jdbc\5.3.9\spring-jdbc-5.3.9.jar;D:\软件\Maven\repository\org\mybatis\spring\boot\mybatis-spring-boot-autoconfigure\1.3.1\mybatis-spring-boot-autoconfigure-1.3.1.jar;D:\软件\Maven\repository\org\mybatis\mybatis\3.4.5\mybatis-3.4.5.jar;D:\软件\Maven\repository\org\mybatis\mybatis-spring\1.3.1\mybatis-spring-1.3.1.jar;D:\软件\Maven\repository\org\projectlombok\lombok\1.18.20\lombok-1.18.20.jar;D:\软件\Maven\repository\org\apache\commons\commons-lang3\3.7\commons-lang3-3.7.jar;D:\软件\Maven\repository\commons-codec\commons-codec\1.3\commons-codec-1.3.jar;D:\软件\Maven\repository\joda-time\joda-time\2.10.13\joda-time-2.10.13.jar;D:\软件\Maven\repository\com\google\guava\guava\18.0\guava-18.0.jar;D:\软件\Maven\repository\org\hibernate\validator\hibernate-validator\6.2.3.Final\hibernate-validator-6.2.3.Final.jar;D:\软件\Maven\repository\jakarta\validation\jakarta.validation-api\2.0.2\jakarta.validation-api-2.0.2.jar;D:\软件\Maven\repository\org\jboss\logging\jboss-logging\3.4.2.Final\jboss-logging-3.4.2.Final.jar;D:\软件\Maven\repository\com\fasterxml\classmate\1.5.1\classmate-1.5.1.jar;D:\软件\Maven\repository\org\apache\rocketmq\rocketmq-client\4.9.3\rocketmq-client-4.9.3.jar;D:\软件\Maven\repository\org\apache\rocketmq\rocketmq-common\4.9.3\rocketmq-common-4.9.3.jar;D:\软件\Maven\repository\org\apache\rocketmq\rocketmq-remoting\4.9.3\rocketmq-remoting-4.9.3.jar;D:\软件\Maven\repository\com\alibaba\fastjson\1.2.76\fastjson-1.2.76.jar;D:\软件\Maven\repository\io\netty\netty-all\4.1.66.Final\netty-all-4.1.66.Final.jar;D:\软件\Maven\repository\org\apache\rocketmq\rocketmq-logging\4.9.3\rocketmq-logging-4.9.3.jar;D:\软件\Maven\repository\org\springframework\boot\spring-boot-starter-data-redis\2.5.3\spring-boot-starter-data-redis-2.5.3.jar;D:\软件\Maven\repository\org\springframework\data\spring-data-redis\2.5.3\spring-data-redis-2.5.3.jar;D:\软件\Maven\repository\org\springframework\data\spring-data-keyvalue\2.5.3\spring-data-keyvalue-2.5.3.jar;D:\软件\Maven\repository\org\springframework\data\spring-data-commons\2.5.3\spring-data-commons-2.5.3.jar;D:\软件\Maven\repository\org\springframework\spring-tx\5.3.9\spring-tx-5.3.9.jar;D:\软件\Maven\repository\org\springframework\spring-oxm\5.3.9\spring-oxm-5.3.9.jar;D:\软件\Maven\repository\org\springframework\spring-context-support\5.3.9\spring-context-support-5.3.9.jar;D:\软件\Maven\repository\io\lettuce\lettuce-core\6.1.4.RELEASE\lettuce-core-6.1.4.RELEASE.jar;D:\软件\Maven\repository\io\netty\netty-common\4.1.66.Final\netty-common-4.1.66.Final.jar;D:\软件\Maven\repository\io\netty\netty-handler\4.1.66.Final\netty-handler-4.1.66.Final.jar;D:\软件\Maven\repository\io\netty\netty-resolver\4.1.66.Final\netty-resolver-4.1.66.Final.jar;D:\软件\Maven\repository\io\netty\netty-buffer\4.1.66.Final\netty-buffer-4.1.66.Final.jar;D:\软件\Maven\repository\io\netty\netty-codec\4.1.66.Final\netty-codec-4.1.66.Final.jar;D:\软件\Maven\repository\io\netty\netty-transport\4.1.66.Final\netty-transport-4.1.66.Final.jar;D:\软件\Maven\repository\io\projectreactor\reactor-core\3.4.8\reactor-core-3.4.8.jar;D:\软件\Maven\repository\org\reactivestreams\reactive-streams\1.0.3\reactive-streams-1.0.3.jar;D:\软件\Maven\repository\org\springframework\session\spring-session-data-redis\2.5.3\spring-session-data-redis-2.5.3.jar;D:\软件\Maven\repository\org\springframework\session\spring-session-core\2.5.1\spring-session-core-2.5.1.jar;D:\软件\Maven\repository\org\springframework\spring-jcl\5.3.9\spring-jcl-5.3.9.jar;D:\软件\Maven\repository\redis\clients\jedis\3.2.0\jedis-3.2.0.jar;D:\软件\Maven\repository\org\slf4j\slf4j-api\1.7.32\slf4j-api-1.7.32.jar;D:\软件\Maven\repository\org\apache\commons\commons-pool2\2.9.0\commons-pool2-2.9.0.jar;"/>
    <property name="sun.cpu.endian" value="little"/>
    <property name="user.home" value="C:\Users\LENOVO"/>
    <property name="user.language" value="zh"/>
    <property name="java.specification.vendor" value="Oracle Corporation"/>
    <property name="java.home" value="D:\DSJ\JDK\JDK8_64\jre"/>
    <property name="basedir" value="D:\Mylearning\MIAOSHA\project2.0\miaosha"/>
    <property name="file.separator" value="\"/>
    <property name="line.separator" value="&#10;"/>
    <property name="java.vm.specification.vendor" value="Oracle Corporation"/>
    <property name="java.specification.name" value="Java Platform API Specification"/>
    <property name="java.awt.graphicsenv" value="sun.awt.Win32GraphicsEnvironment"/>
    <property name="surefire.real.class.path" value="C:\Users\LENOVO\AppData\Local\Temp\surefire2404577564246414724\surefirebooter2824037770849595558.jar"/>
    <property name="sun.boot.class.path" value="D:\DSJ\JDK\JDK8_64\jre\lib\resources.jar;D:\DSJ\JDK\JDK8_64\jre\lib\rt.jar;D:\DSJ\JDK\JDK8_64\jre\lib\sunrsasign.jar;D:\DSJ\JDK\JDK8_64\jre\lib\jsse.jar;D:\DSJ\JDK\JDK8_64\jre\lib\jce.jar;D:\DSJ\JDK\JDK8_64\jre\lib\charsets.jar;D:\DSJ\JDK\JDK8_64\jre\lib\jfr.jar;D:\DSJ\JDK\JDK8_64\jre\classes"/>
    <property name="user.script" value=""/>
    <property name="sun.management.compiler" value="HotSpot 64-Bit Tiered Compilers"/>
    <property name="java.runtime.version" value="1.8.0_40-b25"/>
    <property name="user.name" value="LENOVO"/>
    <property name="path.separator" value=";"/>
    <property name="os.version" value="6.3"/>
    <property name="java.endorsed.dirs" value="D:\DSJ\JDK\JDK8_64\jre\lib\endorsed"/>
    <property name="java.runtime.name" value="Java(TM) SE Runtime Environment"/>
    <property name="file.encoding" value="GBK"/>
    <property name="java.vm.name" value="Java HotSpot(TM) 64-Bit Server VM"/>
    <property name="localRepository" value="D:\软件\Maven\repository"/>
    <property name="java.vendor.url.bug" value="http://bugreport.sun.com/bugreport/"/>
    <property name="java.io.tmpdir" value="C:\Users\LENOVO\AppData\Local\Temp\"/>
    <property name="java.version" value="1.8.0_40"/>
    <property name="user.dir" value="D:\Mylearning\MIAOSHA\project2.0\miaosha"/>
    <property name="os.arch" value="amd64"/>
    <property name="java.vm.specification.name" value="Java Virtual Machine Specification"/>
    <property name="java.awt.printerjob" value="sun.awt.windows.WPrinterJob"/>
    <property name="sun.os.patch.level" value=""/>
    <property name="java.library.path" value="D:\DSJ\JDK\JDK8_64\jre\bin;C:\WINDOWS\Sun\Java\bin;C:\WINDOWS\system32;C:\WINDOWS;D:\MyVM\bin\;C:\Program Files (x86)\Common Files\Oracle\Java\javapath;C:\windows\system32;C:\windows;C:\windows\System32\Wbem;C:\windows\System32\WindowsPowerShell\v1.0\;C:\windows\System32\OpenSSH\;C:\Program Files (x86)\NVIDIA Corporation\PhysX\Common;D:\MATLAB1\runtime\win64;D:\MATLAB1\bin;D:\runtime\win64;D:\bin;D:\polyspace\bin;D:\MATLAB1\polyspace\bin;D:\Mylearning\SAS安装位置\Secure\ccme4;D:\;ylearning\SAS安装位置\x86\Secure\ccme4;D:\;dk;C:\WINDOWS\system32;C:\WINDOWS;C:\WINDOWS\System32\Wbem;C:\WINDOWS\System32\WindowsPowerShell\v1.0\;C:\WINDOWS\System32\OpenSSH\;D:\mysql8\bin;D:\软件\Maven\apache-maven-3.8.1\bin;D:\软件\Git\cmd;D:\软件\Git\mingw64\bin;D:\软件\x86_64-8.1.0-release-posix-sjlj-rt_v6-rev0\mingw64\bin;D:\mysql-8.0.25-winx64\bin;D:\VueTool\;D:\SpringCloudTools\XShell\;D:\SpringCloudTools\Xfpt\;D:\Mylearning\MIAOSHA\apache-jmeter-5.5\lib\ext\ApacheJMeter_core.jar;D:\Mylearning\MIAOSHA\apache-jmeter-5.5\lib\jorphan.jar;D:\Mylearning\MIAOSHA\apache-jmeter-5.5\lib\logkit-2.0.jar;C:\Users\LENOVO\AppData\Local\Microsoft\WindowsApps;;D:\软件\pycharm\PyCharm Community Edition 2021.2.3\bin;;C:\Users\LENOVO\AppData\Roaming\npm;."/>
    <property name="java.vm.info" value="mixed mode"/>
    <property name="java.vendor" value="Oracle Corporation"/>
    <property name="java.vm.version" value="25.40-b25"/>
    <property name="java.ext.dirs" value="D:\DSJ\JDK\JDK8_64\jre\lib\ext;C:\WINDOWS\Sun\Java\lib\ext"/>
    <property name="sun.io.unicode.encoding" value="UnicodeLittle"/>
    <property name="java.class.version" value="52.0"/>
  </properties>
  <testcase name="shouldAnswerWithTrue" classname="com.miaoshaproject.AppTest" time="0.002"/>
</testsuite>